\BOOKMARK [0][-]{chapter.1}{Preliminaries}{}% 1
\BOOKMARK [1][-]{section.1.1}{Quick review of Special Relativity}{chapter.1}% 2
\BOOKMARK [1][-]{section.1.2}{Relativity and Gravitation}{chapter.1}% 3
\BOOKMARK [2][-]{subsection.1.2.1}{The Equivalence principle}{section.1.2}% 4
\BOOKMARK [1][-]{section.1.3}{The constantly accelerated elevator}{chapter.1}% 5
\BOOKMARK [1][-]{section.1.4}{The Rindler spacetime}{chapter.1}% 6
\BOOKMARK [1][-]{section.1.5}{From the Equivalence Principle to curved spacetime}{chapter.1}% 7
\BOOKMARK [0][-]{chapter.2}{Spacetime}{}% 8
\BOOKMARK [1][-]{section.2.1}{Manifolds}{chapter.2}% 9
\BOOKMARK [1][-]{section.2.2}{Calculus on Manifolds}{chapter.2}% 10
\BOOKMARK [1][-]{section.2.3}{Manifolds with metric}{chapter.2}% 11
\BOOKMARK [2][-]{subsection.2.3.1}{Example: The evolving universe \(I\)}{section.2.3}% 12
\BOOKMARK [0][-]{chapter.3}{Motion in spacetime}{}% 13
\BOOKMARK [1][-]{section.3.1}{Particle's action in flat space-time}{chapter.3}% 14
\BOOKMARK [1][-]{section.3.2}{Particle's action in curved space-time}{chapter.3}% 15
\BOOKMARK [1][-]{section.3.3}{Covariant derivatives}{chapter.3}% 16
\BOOKMARK [1][-]{section.3.4}{Parallel transport and geodesics}{chapter.3}% 17
\BOOKMARK [1][-]{section.3.5}{The Newtonian limit}{chapter.3}% 18
\BOOKMARK [2][-]{subsection.3.5.1}{Example: The evolving universe \(II\)}{section.3.5}% 19
\BOOKMARK [0][-]{chapter.4}{Curvature}{}% 20
\BOOKMARK [1][-]{section.4.1}{Curvature}{chapter.4}% 21
\BOOKMARK [2][-]{subsection.4.1.1}{Geodesic \(or Riemann\) normal coordinates}{section.4.1}% 22
\BOOKMARK [2][-]{subsection.4.1.2}{Properties of the Riemann tensor}{section.4.1}% 23
\BOOKMARK [1][-]{section.4.2}{Geodesic deviation}{chapter.4}% 24
\BOOKMARK [1][-]{section.4.3}{The minimal coupling principle}{chapter.4}% 25
\BOOKMARK [1][-]{section.4.4}{Integration over curved spaces}{chapter.4}% 26
\BOOKMARK [0][-]{chapter.5}{Gravitation}{}% 27
\BOOKMARK [1][-]{section.5.1}{The action in the curved space}{chapter.5}% 28
\BOOKMARK [2][-]{subsection.5.1.1}{Einstein-Hilbert action}{section.5.1}% 29
\BOOKMARK [1][-]{section.5.2}{The Einstein equations}{chapter.5}% 30
\BOOKMARK [1][-]{section.5.3}{The energy-momentum tensor}{chapter.5}% 31
\BOOKMARK [2][-]{subsection.5.3.1}{The point particle case}{section.5.3}% 32
\BOOKMARK [2][-]{subsection.5.3.2}{Perfect fluids}{section.5.3}% 33
\BOOKMARK [2][-]{subsection.5.3.3}{Example: The expanding universe}{section.5.3}% 34
